{
  "RSpec": {
    "coverage": {
      "/home/douglas/workspace/socialrecipes/app/helpers/application_helper.rb": [
        1,
        null
      ],
      "/home/douglas/workspace/socialrecipes/app/controllers/kitchens_controller.rb": [
        1,
        1,
        2,
        null,
        null,
        1,
        2,
        2,
        1,
        null,
        1,
        1,
        null,
        null,
        null,
        1,
        1,
        null,
        null,
        1,
        0,
        null,
        null,
        1,
        null,
        1,
        2,
        null,
        null
      ],
      "/home/douglas/workspace/socialrecipes/app/controllers/application_controller.rb": [
        1,
        null,
        null,
        1,
        null
      ],
      "/home/douglas/workspace/socialrecipes/app/models/kitchen.rb": [
        1,
        1,
        1,
        null
      ],
      "/home/douglas/workspace/socialrecipes/app/controllers/preferences_controller.rb": [
        1,
        1,
        2,
        null,
        null,
        1,
        2,
        2,
        1,
        null,
        1,
        1,
        null,
        null,
        null,
        1,
        1,
        null,
        null,
        1,
        0,
        null,
        null,
        1,
        null,
        1,
        2,
        null,
        null
      ],
      "/home/douglas/workspace/socialrecipes/app/models/preference.rb": [
        1,
        1,
        1,
        null
      ],
      "/home/douglas/workspace/socialrecipes/app/controllers/type_of_foods_controller.rb": [
        1,
        1,
        2,
        null,
        null,
        1,
        2,
        2,
        1,
        null,
        1,
        1,
        null,
        null,
        null,
        1,
        1,
        null,
        null,
        1,
        0,
        null,
        null,
        1,
        null,
        1,
        2,
        null,
        null
      ],
      "/home/douglas/workspace/socialrecipes/app/models/type_of_food.rb": [
        1,
        1,
        1,
        null
      ],
      "/home/douglas/workspace/socialrecipes/app/controllers/recipes_controller.rb": [
        1,
        1,
        2,
        null,
        null,
        1,
        2,
        2,
        1,
        null,
        1,
        1,
        null,
        null,
        null,
        1,
        2,
        null,
        null,
        1,
        3,
        null,
        null,
        1,
        null,
        1,
        2,
        null,
        null,
        null,
        null
      ],
      "/home/douglas/workspace/socialrecipes/app/models/recipe.rb": [
        1,
        1,
        null,
        null,
        1,
        1,
        null,
        null,
        null,
        1,
        1,
        1,
        null
      ]
    },
    "timestamp": 1446821970
  }
}
